<?xml version="1.0" encoding="UTF-8"?>
<!-- Generated by org.testng.reporters.JUnitReportReporter -->
<testsuite hostname="DESKTOP-R0QT3MO" failures="0" tests="4" name="testNGKeywords.EnabledUse" time="0.031" errors="0" timestamp="2022-06-13T23:37:21 IST" skipped="1">
  <testcase classname="testNGKeywords.EnabledUse" name="A" time="0.020"/>
  <system-out>
    <![CDATA[A is running]]>
  </system-out>
  <testcase classname="testNGKeywords.EnabledUse" name="B" time="0.004"/>
  <system-out>
    <![CDATA[B is running]]>
  </system-out>
  <testcase classname="testNGKeywords.EnabledUse" name="D" time="0.007"/>
  <system-out>
    <![CDATA[D is running]]>
  </system-out>
  <testcase classname="testNGKeywords.EnabledUse" name="C">
    <skipped/>
  </testcase> <!-- C -->
  <system-out/>
</testsuite> <!-- testNGKeywords.EnabledUse -->
