<?xml version="1.0" encoding="UTF-8"?>
<!-- Generated by org.testng.reporters.JUnitReportReporter -->
<testsuite hostname="DESKTOP-R0QT3MO" failures="0" tests="2" name="testNG.AnnotationsStudy1" time="0.015" errors="0" timestamp="2022-06-13T22:53:48 IST" skipped="0">
  <testcase classname="testNG.AnnotationsStudy1" name="myTest1" time="0.007"/>
  <system-out>
    <![CDATA[Test method1 is running]]>
  </system-out>
  <testcase classname="testNG.AnnotationsStudy1" name="myTest" time="0.008"/>
  <system-out>
    <![CDATA[Test method is running]]>
  </system-out>
</testsuite> <!-- testNG.AnnotationsStudy1 -->
