<?xml version="1.0" encoding="UTF-8"?>
<!-- Generated by org.testng.reporters.JUnitReportReporter -->
<testsuite hostname="DESKTOP-R0QT3MO" failures="0" tests="3" name="testNGStudy.Example1TestNG" time="74.528" errors="0" timestamp="2022-06-10T22:32:22 IST" skipped="0">
  <testcase classname="testNGStudy.Example1TestNG" name="FacebookLoginPage" time="29.377"/>
  <system-out>
    <![CDATA[FacebookLoginPage method is running]]>
  </system-out>
  <testcase classname="testNGStudy.Example1TestNG" name="KiteLogin" time="11.926"/>
  <system-out/>
  <testcase classname="testNGStudy.Example1TestNG" name="vctcPracticePage" time="33.225"/>
  <system-out>
    <![CDATA[vctcPracticePage method is running]]>
  </system-out>
</testsuite> <!-- testNGStudy.Example1TestNG -->
