<?xml version="1.0" encoding="UTF-8"?>
<!-- Generated by org.testng.reporters.JUnitReportReporter -->
<testsuite hostname="DESKTOP-R0QT3MO" failures="0" tests="3" name="testNGKeywords.InvocationCountUse" time="0.024" errors="0" timestamp="2022-06-13T23:31:28 IST" skipped="0">
  <testcase classname="testNGKeywords.InvocationCountUse" name="myMethod" time="0.004"/>
  <system-out>
    <![CDATA[my Method is Running]]>
  </system-out>
  <testcase classname="testNGKeywords.InvocationCountUse" name="myMethod" time="0.004"/>
  <system-out>
    <![CDATA[my Method is Running]]>
  </system-out>
  <testcase classname="testNGKeywords.InvocationCountUse" name="myMethod" time="0.016"/>
  <system-out>
    <![CDATA[my Method is Running]]>
  </system-out>
</testsuite> <!-- testNGKeywords.InvocationCountUse -->
