<?xml version="1.0" encoding="UTF-8"?>
<!-- Generated by org.testng.reporters.JUnitReportReporter -->
<testsuite hostname="DESKTOP-R0QT3MO" failures="0" tests="3" name="xmlStudy.MyTest" time="0.026" errors="0" timestamp="2022-06-14T00:25:46 IST" skipped="0">
  <testcase classname="xmlStudy.MyTest" name="myMethod5" time="0.004"/>
  <system-out>
    <![CDATA[my Method5 is Running]]>
  </system-out>
  <testcase classname="xmlStudy.MyTest" name="myMethod1" time="0.018"/>
  <system-out>
    <![CDATA[my Method1 is Running]]>
  </system-out>
  <testcase classname="xmlStudy.MyTest" name="myMethod3" time="0.004"/>
  <system-out>
    <![CDATA[my Method3 is Running]]>
  </system-out>
</testsuite> <!-- xmlStudy.MyTest -->
