<?xml version="1.0" encoding="UTF-8"?>
<!-- Generated by org.testng.reporters.JUnitReportReporter -->
<testsuite hostname="DESKTOP-R0QT3MO" failures="0" tests="4" name="testNGKeywords.PriorityUse" time="0.034" errors="0" timestamp="2022-06-13T23:33:34 IST" skipped="0">
  <testcase classname="testNGKeywords.PriorityUse" name="C" time="0.026"/>
  <system-out>
    <![CDATA[C is running]]>
  </system-out>
  <testcase classname="testNGKeywords.PriorityUse" name="D" time="0.002"/>
  <system-out>
    <![CDATA[D is running]]>
  </system-out>
  <testcase classname="testNGKeywords.PriorityUse" name="B" time="0.003"/>
  <system-out>
    <![CDATA[B is running]]>
  </system-out>
  <testcase classname="testNGKeywords.PriorityUse" name="A" time="0.003"/>
  <system-out>
    <![CDATA[A is running]]>
  </system-out>
</testsuite> <!-- testNGKeywords.PriorityUse -->
