<?xml version="1.0" encoding="UTF-8"?>
<!-- Generated by org.testng.reporters.JUnitReportReporter -->
<testsuite hostname="DESKTOP-R0QT3MO" failures="0" tests="1" name="xmlStudy.MyTest3" time="0.016" errors="0" timestamp="2022-06-14T23:33:03 IST" skipped="0">
  <testcase classname="xmlStudy.MyTest3" name="myMethod1" time="0.016"/>
  <system-out>
    <![CDATA[my Method1 sanity is Running]]>
  </system-out>
</testsuite> <!-- xmlStudy.MyTest3 -->
