<?xml version="1.0" encoding="UTF-8"?>
<!-- Generated by org.testng.reporters.JUnitReportReporter -->
<testsuite hostname="DESKTOP-R0QT3MO" failures="0" tests="1" name="verificationUsingTestNG.AssertTrueAndAssertFalse" time="0.020" errors="0" timestamp="2022-06-15T23:35:04 IST" skipped="0">
  <testcase classname="verificationUsingTestNG.AssertTrueAndAssertFalse" name="myMethod" time="0.020"/>
  <system-out>
    <![CDATA[Value is false TC is passed]]>
  </system-out>
</testsuite> <!-- verificationUsingTestNG.AssertTrueAndAssertFalse -->
