<?xml version="1.0" encoding="UTF-8"?>
<!-- Generated by org.testng.reporters.JUnitReportReporter -->
<testsuite hostname="DESKTOP-R0QT3MO" failures="0" tests="1" name="verificationUsingTestNG.AssertNullAndNotNull" time="0.021" errors="0" timestamp="2022-06-15T23:29:21 IST" skipped="0">
  <testcase classname="verificationUsingTestNG.AssertNullAndNotNull" name="myMethod" time="0.021"/>
  <system-out>
    <![CDATA[Value is not null TC is passed ]]>
  </system-out>
</testsuite> <!-- verificationUsingTestNG.AssertNullAndNotNull -->
