<?xml version="1.0" encoding="UTF-8"?>
<!-- Generated by org.testng.reporters.JUnitReportReporter -->
<testsuite hostname="DESKTOP-R0QT3MO" failures="0" tests="1" name="testNGKeywords.InnovationCountUse" time="0.015" errors="0" timestamp="2022-06-13T23:28:09 IST" skipped="0">
  <testcase classname="testNGKeywords.InnovationCountUse" name="myMethod" time="0.015"/>
  <system-out>
    <![CDATA[my Method is Running]]>
  </system-out>
</testsuite> <!-- testNGKeywords.InnovationCountUse -->
