<?xml version="1.0" encoding="UTF-8"?>
<!-- Generated by org.testng.reporters.JUnitReportReporter -->
<testsuite hostname="DESKTOP-R0QT3MO" failures="0" tests="1" name="verificationUsingTestNG.AssertEqualsAndNotEquals" time="0.023" errors="0" timestamp="2022-06-15T23:22:33 IST" skipped="0">
  <testcase classname="verificationUsingTestNG.AssertEqualsAndNotEquals" name="myMethod" time="0.023"/>
  <system-out>
    <![CDATA[Strings are not matching TC is passed]]>
  </system-out>
</testsuite> <!-- verificationUsingTestNG.AssertEqualsAndNotEquals -->
