<?xml version="1.0" encoding="UTF-8"?>
<!-- Generated by org.testng.reporters.JUnitReportReporter -->
<testsuite hostname="DESKTOP-R0QT3MO" failures="0" tests="2" name="testNG.AnnotationStudy" time="0.021" errors="0" timestamp="2022-06-13T22:43:54 IST" skipped="0">
  <testcase classname="testNG.AnnotationStudy" name="myTest4" time="0.008"/>
  <system-out>
    <![CDATA[Test Method is running]]>
  </system-out>
  <testcase classname="testNG.AnnotationStudy" name="myTest3" time="0.013"/>
  <system-out>
    <![CDATA[Test Method is running]]>
  </system-out>
</testsuite> <!-- testNG.AnnotationStudy -->
