<?xml version="1.0" encoding="UTF-8"?>
<!-- Generated by org.testng.reporters.JUnitReportReporter -->
<testsuite hostname="DESKTOP-R0QT3MO" failures="0" tests="1" name="verificationUsingTestNG.Verification" time="33.077" errors="0" timestamp="2022-06-15T23:10:08 IST" skipped="0">
  <testcase classname="verificationUsingTestNG.Verification" name="myTest" time="33.077"/>
  <system-out>
    <![CDATA[CheckBx is selected TC is Passed]]>
  </system-out>
</testsuite> <!-- verificationUsingTestNG.Verification -->
