<?xml version="1.0" encoding="UTF-8"?>
<!-- Generated by org.testng.reporters.JUnitReportReporter -->
<testsuite hostname="DESKTOP-R0QT3MO" failures="0" tests="1" name="kiteWithExcel.KiteTestClassUsingTestNG" time="22.255" errors="0" timestamp="2022-06-21T23:31:10 IST" skipped="0">
  <testcase classname="kiteWithExcel.KiteTestClassUsingTestNG" name="verifyKiteUserName" time="22.255"/>
  <system-out>
    <![CDATA[Validating user ID
Expected UserID and Actual UserID are matching TC is Passed]]>
  </system-out>
</testsuite> <!-- kiteWithExcel.KiteTestClassUsingTestNG -->
